{"C:\\Users\\serge\\banka-api\\src\\app.js": {"path":"C:\\Users\\serge\\banka-api\\src\\app.js","statementMap":{"0":{"start":{"line":14,"column":0},"end":{"line":14,"column":16}},"1":{"start":{"line":15,"column":0},"end":{"line":15,"column":12}},"2":{"start":{"line":17,"column":12},"end":{"line":17,"column":21}},"3":{"start":{"line":18,"column":0},"end":{"line":18,"column":24}},"4":{"start":{"line":20,"column":0},"end":{"line":20,"column":36}},"5":{"start":{"line":21,"column":0},"end":{"line":21,"column":43}},"6":{"start":{"line":22,"column":0},"end":{"line":22,"column":51}}},"fnMap":{},"branchMap":{},"s":{"0":3,"1":3,"2":3,"3":3,"4":3,"5":3,"6":3},"f":{},"b":{},"_coverageSchema":"1a1c01bbd47fc00a2c39e90264f33305004495a9","hash":"2fe25b6ef52de66d21e8e9237298c7815a73aae9"}
,"C:\\Users\\serge\\banka-api\\src\\config\\database.js": {"path":"C:\\Users\\serge\\banka-api\\src\\config\\database.js","statementMap":{"0":{"start":{"line":4,"column":0},"end":{"line":4,"column":16}},"1":{"start":{"line":6,"column":18},"end":{"line":20,"column":1}},"2":{"start":{"line":7,"column":2},"end":{"line":19,"column":3}},"3":{"start":{"line":8,"column":21},"end":{"line":8,"column":42}},"4":{"start":{"line":9,"column":4},"end":{"line":11,"column":5}},"5":{"start":{"line":10,"column":6},"end":{"line":10,"column":71}},"6":{"start":{"line":13,"column":4},"end":{"line":13,"column":37}},"7":{"start":{"line":15,"column":4},"end":{"line":15,"column":42}},"8":{"start":{"line":17,"column":4},"end":{"line":17,"column":65}},"9":{"start":{"line":18,"column":4},"end":{"line":18,"column":20}}},"fnMap":{"0":{"name":"(anonymous_0)","decl":{"start":{"line":6,"column":18},"end":{"line":6,"column":19}},"loc":{"start":{"line":6,"column":30},"end":{"line":20,"column":1}},"line":6}},"branchMap":{"0":{"loc":{"start":{"line":9,"column":4},"end":{"line":11,"column":5}},"type":"if","locations":[{"start":{"line":9,"column":4},"end":{"line":11,"column":5}},{"start":{},"end":{}}],"line":9}},"s":{"0":3,"1":3,"2":3,"3":3,"4":3,"5":0,"6":3,"7":3,"8":0,"9":0},"f":{"0":3},"b":{"0":[0,3]},"_coverageSchema":"1a1c01bbd47fc00a2c39e90264f33305004495a9","hash":"293c2027cfa39646daa08ce61aae314e7ea446c1"}
,"C:\\Users\\serge\\banka-api\\src\\controllers\\accountController.js": {"path":"C:\\Users\\serge\\banka-api\\src\\controllers\\accountController.js","statementMap":{"0":{"start":{"line":12,"column":29},"end":{"line":39,"column":1}},"1":{"start":{"line":13,"column":2},"end":{"line":38,"column":3}},"2":{"start":{"line":14,"column":37},"end":{"line":14,"column":45}},"3":{"start":{"line":15,"column":19},"end":{"line":15,"column":30}},"4":{"start":{"line":18,"column":17},"end":{"line":18,"column":44}},"5":{"start":{"line":19,"column":4},"end":{"line":19,"column":72}},"6":{"start":{"line":19,"column":15},"end":{"line":19,"column":72}},"7":{"start":{"line":22,"column":26},"end":{"line":22,"column":49}},"8":{"start":{"line":25,"column":23},"end":{"line":30,"column":6}},"9":{"start":{"line":32,"column":4},"end":{"line":32,"column":28}},"10":{"start":{"line":34,"column":4},"end":{"line":34,"column":88}},"11":{"start":{"line":36,"column":4},"end":{"line":36,"column":52}},"12":{"start":{"line":37,"column":4},"end":{"line":37,"column":61}},"13":{"start":{"line":42,"column":30},"end":{"line":56,"column":1}},"14":{"start":{"line":43,"column":2},"end":{"line":55,"column":3}},"15":{"start":{"line":44,"column":4},"end":{"line":44,"column":59}},"16":{"start":{"line":46,"column":4},"end":{"line":48,"column":5}},"17":{"start":{"line":47,"column":6},"end":{"line":47,"column":86}},"18":{"start":{"line":50,"column":21},"end":{"line":50,"column":87}},"19":{"start":{"line":51,"column":4},"end":{"line":51,"column":45}},"20":{"start":{"line":53,"column":4},"end":{"line":53,"column":53}},"21":{"start":{"line":54,"column":4},"end":{"line":54,"column":61}},"22":{"start":{"line":59,"column":31},"end":{"line":85,"column":1}},"23":{"start":{"line":60,"column":2},"end":{"line":84,"column":3}},"24":{"start":{"line":61,"column":23},"end":{"line":61,"column":33}},"25":{"start":{"line":62,"column":24},"end":{"line":62,"column":35}},"26":{"start":{"line":63,"column":26},"end":{"line":63,"column":39}},"27":{"start":{"line":66,"column":4},"end":{"line":71,"column":5}},"28":{"start":{"line":68,"column":6},"end":{"line":70,"column":7}},"29":{"start":{"line":69,"column":8},"end":{"line":69,"column":102}},"30":{"start":{"line":74,"column":21},"end":{"line":74,"column":104}},"31":{"start":{"line":76,"column":4},"end":{"line":78,"column":5}},"32":{"start":{"line":77,"column":6},"end":{"line":77,"column":80}},"33":{"start":{"line":80,"column":4},"end":{"line":80,"column":45}},"34":{"start":{"line":82,"column":4},"end":{"line":82,"column":58}},"35":{"start":{"line":83,"column":4},"end":{"line":83,"column":61}},"36":{"start":{"line":88,"column":35},"end":{"line":113,"column":1}},"37":{"start":{"line":89,"column":2},"end":{"line":112,"column":3}},"38":{"start":{"line":90,"column":26},"end":{"line":90,"column":36}},"39":{"start":{"line":91,"column":23},"end":{"line":91,"column":31}},"40":{"start":{"line":93,"column":4},"end":{"line":93,"column":49}},"41":{"start":{"line":96,"column":4},"end":{"line":98,"column":5}},"42":{"start":{"line":97,"column":6},"end":{"line":97,"column":84}},"43":{"start":{"line":101,"column":4},"end":{"line":103,"column":5}},"44":{"start":{"line":102,"column":6},"end":{"line":102,"column":71}},"45":{"start":{"line":105,"column":20},"end":{"line":105,"column":89}},"46":{"start":{"line":106,"column":4},"end":{"line":106,"column":78}},"47":{"start":{"line":106,"column":18},"end":{"line":106,"column":78}},"48":{"start":{"line":108,"column":4},"end":{"line":108,"column":79}},"49":{"start":{"line":110,"column":4},"end":{"line":110,"column":59}},"50":{"start":{"line":111,"column":4},"end":{"line":111,"column":61}},"51":{"start":{"line":116,"column":29},"end":{"line":128,"column":1}},"52":{"start":{"line":117,"column":2},"end":{"line":127,"column":3}},"53":{"start":{"line":118,"column":26},"end":{"line":118,"column":36}},"54":{"start":{"line":120,"column":20},"end":{"line":120,"column":62}},"55":{"start":{"line":121,"column":4},"end":{"line":121,"column":78}},"56":{"start":{"line":121,"column":18},"end":{"line":121,"column":78}},"57":{"start":{"line":123,"column":4},"end":{"line":123,"column":70}},"58":{"start":{"line":125,"column":4},"end":{"line":125,"column":52}},"59":{"start":{"line":126,"column":4},"end":{"line":126,"column":61}}},"fnMap":{"0":{"name":"(anonymous_0)","decl":{"start":{"line":12,"column":29},"end":{"line":12,"column":30}},"loc":{"start":{"line":12,"column":49},"end":{"line":39,"column":1}},"line":12},"1":{"name":"(anonymous_1)","decl":{"start":{"line":42,"column":30},"end":{"line":42,"column":31}},"loc":{"start":{"line":42,"column":50},"end":{"line":56,"column":1}},"line":42},"2":{"name":"(anonymous_2)","decl":{"start":{"line":59,"column":31},"end":{"line":59,"column":32}},"loc":{"start":{"line":59,"column":51},"end":{"line":85,"column":1}},"line":59},"3":{"name":"(anonymous_3)","decl":{"start":{"line":88,"column":35},"end":{"line":88,"column":36}},"loc":{"start":{"line":88,"column":55},"end":{"line":113,"column":1}},"line":88},"4":{"name":"(anonymous_4)","decl":{"start":{"line":116,"column":29},"end":{"line":116,"column":30}},"loc":{"start":{"line":116,"column":49},"end":{"line":128,"column":1}},"line":116}},"branchMap":{"0":{"loc":{"start":{"line":19,"column":4},"end":{"line":19,"column":72}},"type":"if","locations":[{"start":{"line":19,"column":4},"end":{"line":19,"column":72}},{"start":{},"end":{}}],"line":19},"1":{"loc":{"start":{"line":29,"column":15},"end":{"line":29,"column":34}},"type":"binary-expr","locations":[{"start":{"line":29,"column":15},"end":{"line":29,"column":29}},{"start":{"line":29,"column":33},"end":{"line":29,"column":34}}],"line":29},"2":{"loc":{"start":{"line":46,"column":4},"end":{"line":48,"column":5}},"type":"if","locations":[{"start":{"line":46,"column":4},"end":{"line":48,"column":5}},{"start":{},"end":{}}],"line":46},"3":{"loc":{"start":{"line":66,"column":4},"end":{"line":71,"column":5}},"type":"if","locations":[{"start":{"line":66,"column":4},"end":{"line":71,"column":5}},{"start":{},"end":{}}],"line":66},"4":{"loc":{"start":{"line":66,"column":8},"end":{"line":66,"column":62}},"type":"binary-expr","locations":[{"start":{"line":66,"column":8},"end":{"line":66,"column":33}},{"start":{"line":66,"column":37},"end":{"line":66,"column":62}}],"line":66},"5":{"loc":{"start":{"line":68,"column":6},"end":{"line":70,"column":7}},"type":"if","locations":[{"start":{"line":68,"column":6},"end":{"line":70,"column":7}},{"start":{},"end":{}}],"line":68},"6":{"loc":{"start":{"line":76,"column":4},"end":{"line":78,"column":5}},"type":"if","locations":[{"start":{"line":76,"column":4},"end":{"line":78,"column":5}},{"start":{},"end":{}}],"line":76},"7":{"loc":{"start":{"line":96,"column":4},"end":{"line":98,"column":5}},"type":"if","locations":[{"start":{"line":96,"column":4},"end":{"line":98,"column":5}},{"start":{},"end":{}}],"line":96},"8":{"loc":{"start":{"line":101,"column":4},"end":{"line":103,"column":5}},"type":"if","locations":[{"start":{"line":101,"column":4},"end":{"line":103,"column":5}},{"start":{},"end":{}}],"line":101},"9":{"loc":{"start":{"line":106,"column":4},"end":{"line":106,"column":78}},"type":"if","locations":[{"start":{"line":106,"column":4},"end":{"line":106,"column":78}},{"start":{},"end":{}}],"line":106},"10":{"loc":{"start":{"line":121,"column":4},"end":{"line":121,"column":78}},"type":"if","locations":[{"start":{"line":121,"column":4},"end":{"line":121,"column":78}},{"start":{},"end":{}}],"line":121}},"s":{"0":3,"1":6,"2":6,"3":6,"4":6,"5":6,"6":6,"7":0,"8":0,"9":0,"10":0,"11":0,"12":0,"13":3,"14":2,"15":2,"16":2,"17":0,"18":2,"19":2,"20":0,"21":0,"22":3,"23":4,"24":4,"25":4,"26":4,"27":4,"28":2,"29":2,"30":2,"31":2,"32":0,"33":2,"34":0,"35":0,"36":3,"37":5,"38":5,"39":5,"40":5,"41":5,"42":0,"43":5,"44":2,"45":3,"46":2,"47":0,"48":2,"49":1,"50":1,"51":3,"52":3,"53":3,"54":3,"55":3,"56":2,"57":1,"58":0,"59":0},"f":{"0":6,"1":2,"2":4,"3":5,"4":3},"b":{"0":[6,0],"1":[0,0],"2":[0,2],"3":[2,2],"4":[4,3],"5":[2,0],"6":[0,2],"7":[0,5],"8":[2,3],"9":[0,2],"10":[2,1]},"_coverageSchema":"1a1c01bbd47fc00a2c39e90264f33305004495a9","hash":"91682876ad07699d8225c090a44589dd26fbda1e"}
,"C:\\Users\\serge\\banka-api\\src\\controllers\\authController.js": {"path":"C:\\Users\\serge\\banka-api\\src\\controllers\\authController.js","statementMap":{"0":{"start":{"line":12,"column":0},"end":{"line":12,"column":16}},"1":{"start":{"line":15,"column":22},"end":{"line":19,"column":1}},"2":{"start":{"line":16,"column":2},"end":{"line":18,"column":5}},"3":{"start":{"line":22,"column":22},"end":{"line":59,"column":3}},"4":{"start":{"line":23,"column":4},"end":{"line":58,"column":5}},"5":{"start":{"line":24,"column":61},"end":{"line":24,"column":69}},"6":{"start":{"line":26,"column":6},"end":{"line":28,"column":7}},"7":{"start":{"line":27,"column":8},"end":{"line":27,"column":74}},"8":{"start":{"line":30,"column":27},"end":{"line":30,"column":56}},"9":{"start":{"line":31,"column":6},"end":{"line":33,"column":7}},"10":{"start":{"line":32,"column":8},"end":{"line":32,"column":70}},"11":{"start":{"line":35,"column":29},"end":{"line":35,"column":60}},"12":{"start":{"line":37,"column":6},"end":{"line":37,"column":68}},"13":{"start":{"line":39,"column":22},"end":{"line":45,"column":8}},"14":{"start":{"line":47,"column":6},"end":{"line":47,"column":27}},"15":{"start":{"line":48,"column":6},"end":{"line":48,"column":54}},"16":{"start":{"line":50,"column":6},"end":{"line":54,"column":9}},"17":{"start":{"line":56,"column":6},"end":{"line":56,"column":44}},"18":{"start":{"line":57,"column":6},"end":{"line":57,"column":63}},"19":{"start":{"line":62,"column":22},"end":{"line":106,"column":3}},"20":{"start":{"line":63,"column":4},"end":{"line":105,"column":5}},"21":{"start":{"line":64,"column":34},"end":{"line":64,"column":42}},"22":{"start":{"line":66,"column":6},"end":{"line":66,"column":43}},"23":{"start":{"line":67,"column":6},"end":{"line":67,"column":49}},"24":{"start":{"line":70,"column":6},"end":{"line":72,"column":7}},"25":{"start":{"line":71,"column":8},"end":{"line":71,"column":82}},"26":{"start":{"line":74,"column":19},"end":{"line":74,"column":48}},"27":{"start":{"line":76,"column":6},"end":{"line":76,"column":49}},"28":{"start":{"line":78,"column":6},"end":{"line":80,"column":7}},"29":{"start":{"line":79,"column":8},"end":{"line":79,"column":76}},"30":{"start":{"line":82,"column":30},"end":{"line":82,"column":75}},"31":{"start":{"line":84,"column":6},"end":{"line":84,"column":60}},"32":{"start":{"line":85,"column":6},"end":{"line":85,"column":61}},"33":{"start":{"line":87,"column":6},"end":{"line":89,"column":7}},"34":{"start":{"line":88,"column":8},"end":{"line":88,"column":76}},"35":{"start":{"line":91,"column":6},"end":{"line":101,"column":9}},"36":{"start":{"line":103,"column":6},"end":{"line":103,"column":45}},"37":{"start":{"line":104,"column":6},"end":{"line":104,"column":63}},"38":{"start":{"line":111,"column":27},"end":{"line":168,"column":1}},"39":{"start":{"line":112,"column":2},"end":{"line":167,"column":3}},"40":{"start":{"line":114,"column":4},"end":{"line":116,"column":5}},"41":{"start":{"line":115,"column":6},"end":{"line":115,"column":76}},"42":{"start":{"line":118,"column":53},"end":{"line":118,"column":61}},"43":{"start":{"line":121,"column":4},"end":{"line":123,"column":5}},"44":{"start":{"line":122,"column":6},"end":{"line":122,"column":72}},"45":{"start":{"line":126,"column":25},"end":{"line":126,"column":54}},"46":{"start":{"line":127,"column":4},"end":{"line":129,"column":5}},"47":{"start":{"line":128,"column":6},"end":{"line":128,"column":68}},"48":{"start":{"line":131,"column":4},"end":{"line":163,"column":5}},"49":{"start":{"line":133,"column":29},"end":{"line":133,"column":60}},"50":{"start":{"line":136,"column":20},"end":{"line":142,"column":8}},"51":{"start":{"line":144,"column":6},"end":{"line":144,"column":25}},"52":{"start":{"line":147,"column":20},"end":{"line":147,"column":71}},"53":{"start":{"line":149,"column":6},"end":{"line":159,"column":9}},"54":{"start":{"line":161,"column":6},"end":{"line":161,"column":58}},"55":{"start":{"line":162,"column":6},"end":{"line":162,"column":72}},"56":{"start":{"line":165,"column":4},"end":{"line":165,"column":48}},"57":{"start":{"line":166,"column":4},"end":{"line":166,"column":61}},"58":{"start":{"line":171,"column":36},"end":{"line":192,"column":1}},"59":{"start":{"line":172,"column":2},"end":{"line":191,"column":3}},"60":{"start":{"line":173,"column":22},"end":{"line":173,"column":30}},"61":{"start":{"line":176,"column":17},"end":{"line":176,"column":46}},"62":{"start":{"line":177,"column":4},"end":{"line":179,"column":5}},"63":{"start":{"line":178,"column":6},"end":{"line":178,"column":63}},"64":{"start":{"line":182,"column":23},"end":{"line":182,"column":95}},"65":{"start":{"line":185,"column":4},"end":{"line":185,"column":71}},"66":{"start":{"line":187,"column":4},"end":{"line":187,"column":87}},"67":{"start":{"line":189,"column":4},"end":{"line":189,"column":58}},"68":{"start":{"line":190,"column":4},"end":{"line":190,"column":61}},"69":{"start":{"line":195,"column":29},"end":{"line":216,"column":1}},"70":{"start":{"line":196,"column":2},"end":{"line":215,"column":3}},"71":{"start":{"line":197,"column":35},"end":{"line":197,"column":43}},"72":{"start":{"line":200,"column":20},"end":{"line":200,"column":61}},"73":{"start":{"line":201,"column":17},"end":{"line":201,"column":48}},"74":{"start":{"line":202,"column":4},"end":{"line":204,"column":5}},"75":{"start":{"line":203,"column":6},"end":{"line":203,"column":73}},"76":{"start":{"line":207,"column":27},"end":{"line":207,"column":61}},"77":{"start":{"line":208,"column":4},"end":{"line":208,"column":35}},"78":{"start":{"line":209,"column":4},"end":{"line":209,"column":22}},"79":{"start":{"line":211,"column":4},"end":{"line":211,"column":67}},"80":{"start":{"line":213,"column":4},"end":{"line":213,"column":50}},"81":{"start":{"line":214,"column":4},"end":{"line":214,"column":64}}},"fnMap":{"0":{"name":"(anonymous_0)","decl":{"start":{"line":15,"column":22},"end":{"line":15,"column":23}},"loc":{"start":{"line":15,"column":32},"end":{"line":19,"column":1}},"line":15},"1":{"name":"(anonymous_1)","decl":{"start":{"line":22,"column":22},"end":{"line":22,"column":23}},"loc":{"start":{"line":22,"column":42},"end":{"line":59,"column":3}},"line":22},"2":{"name":"(anonymous_2)","decl":{"start":{"line":62,"column":22},"end":{"line":62,"column":23}},"loc":{"start":{"line":62,"column":42},"end":{"line":106,"column":3}},"line":62},"3":{"name":"(anonymous_3)","decl":{"start":{"line":111,"column":27},"end":{"line":111,"column":28}},"loc":{"start":{"line":111,"column":47},"end":{"line":168,"column":1}},"line":111},"4":{"name":"(anonymous_4)","decl":{"start":{"line":171,"column":36},"end":{"line":171,"column":37}},"loc":{"start":{"line":171,"column":56},"end":{"line":192,"column":1}},"line":171},"5":{"name":"(anonymous_5)","decl":{"start":{"line":195,"column":29},"end":{"line":195,"column":30}},"loc":{"start":{"line":195,"column":49},"end":{"line":216,"column":1}},"line":195}},"branchMap":{"0":{"loc":{"start":{"line":26,"column":6},"end":{"line":28,"column":7}},"type":"if","locations":[{"start":{"line":26,"column":6},"end":{"line":28,"column":7}},{"start":{},"end":{}}],"line":26},"1":{"loc":{"start":{"line":26,"column":10},"end":{"line":26,"column":56}},"type":"binary-expr","locations":[{"start":{"line":26,"column":10},"end":{"line":26,"column":20}},{"start":{"line":26,"column":24},"end":{"line":26,"column":33}},{"start":{"line":26,"column":37},"end":{"line":26,"column":43}},{"start":{"line":26,"column":47},"end":{"line":26,"column":56}}],"line":26},"2":{"loc":{"start":{"line":31,"column":6},"end":{"line":33,"column":7}},"type":"if","locations":[{"start":{"line":31,"column":6},"end":{"line":33,"column":7}},{"start":{},"end":{}}],"line":31},"3":{"loc":{"start":{"line":44,"column":14},"end":{"line":44,"column":28}},"type":"binary-expr","locations":[{"start":{"line":44,"column":14},"end":{"line":44,"column":18}},{"start":{"line":44,"column":22},"end":{"line":44,"column":28}}],"line":44},"4":{"loc":{"start":{"line":70,"column":6},"end":{"line":72,"column":7}},"type":"if","locations":[{"start":{"line":70,"column":6},"end":{"line":72,"column":7}},{"start":{},"end":{}}],"line":70},"5":{"loc":{"start":{"line":70,"column":10},"end":{"line":70,"column":29}},"type":"binary-expr","locations":[{"start":{"line":70,"column":10},"end":{"line":70,"column":16}},{"start":{"line":70,"column":20},"end":{"line":70,"column":29}}],"line":70},"6":{"loc":{"start":{"line":78,"column":6},"end":{"line":80,"column":7}},"type":"if","locations":[{"start":{"line":78,"column":6},"end":{"line":80,"column":7}},{"start":{},"end":{}}],"line":78},"7":{"loc":{"start":{"line":87,"column":6},"end":{"line":89,"column":7}},"type":"if","locations":[{"start":{"line":87,"column":6},"end":{"line":89,"column":7}},{"start":{},"end":{}}],"line":87},"8":{"loc":{"start":{"line":114,"column":4},"end":{"line":116,"column":5}},"type":"if","locations":[{"start":{"line":114,"column":4},"end":{"line":116,"column":5}},{"start":{},"end":{}}],"line":114},"9":{"loc":{"start":{"line":114,"column":8},"end":{"line":114,"column":46}},"type":"binary-expr","locations":[{"start":{"line":114,"column":8},"end":{"line":114,"column":17}},{"start":{"line":114,"column":21},"end":{"line":114,"column":46}}],"line":114},"10":{"loc":{"start":{"line":121,"column":4},"end":{"line":123,"column":5}},"type":"if","locations":[{"start":{"line":121,"column":4},"end":{"line":123,"column":5}},{"start":{},"end":{}}],"line":121},"11":{"loc":{"start":{"line":121,"column":8},"end":{"line":121,"column":54}},"type":"binary-expr","locations":[{"start":{"line":121,"column":8},"end":{"line":121,"column":18}},{"start":{"line":121,"column":22},"end":{"line":121,"column":31}},{"start":{"line":121,"column":35},"end":{"line":121,"column":41}},{"start":{"line":121,"column":45},"end":{"line":121,"column":54}}],"line":121},"12":{"loc":{"start":{"line":127,"column":4},"end":{"line":129,"column":5}},"type":"if","locations":[{"start":{"line":127,"column":4},"end":{"line":129,"column":5}},{"start":{},"end":{}}],"line":127},"13":{"loc":{"start":{"line":177,"column":4},"end":{"line":179,"column":5}},"type":"if","locations":[{"start":{"line":177,"column":4},"end":{"line":179,"column":5}},{"start":{},"end":{}}],"line":177},"14":{"loc":{"start":{"line":202,"column":4},"end":{"line":204,"column":5}},"type":"if","locations":[{"start":{"line":202,"column":4},"end":{"line":204,"column":5}},{"start":{},"end":{}}],"line":202}},"s":{"0":3,"1":3,"2":2,"3":3,"4":4,"5":4,"6":4,"7":1,"8":3,"9":3,"10":1,"11":2,"12":2,"13":2,"14":2,"15":1,"16":1,"17":1,"18":1,"19":3,"20":5,"21":5,"22":5,"23":5,"24":5,"25":2,"26":3,"27":3,"28":3,"29":1,"30":2,"31":2,"32":2,"33":2,"34":1,"35":1,"36":0,"37":0,"38":3,"39":2,"40":2,"41":0,"42":2,"43":2,"44":1,"45":1,"46":1,"47":0,"48":1,"49":1,"50":1,"51":1,"52":1,"53":1,"54":0,"55":0,"56":0,"57":0,"58":3,"59":2,"60":2,"61":2,"62":2,"63":1,"64":1,"65":1,"66":1,"67":0,"68":0,"69":3,"70":2,"71":2,"72":2,"73":1,"74":1,"75":0,"76":1,"77":1,"78":1,"79":1,"80":1,"81":1},"f":{"0":2,"1":4,"2":5,"3":2,"4":2,"5":2},"b":{"0":[1,3],"1":[4,3,3,3],"2":[1,2],"3":[2,1],"4":[2,3],"5":[5,4],"6":[1,2],"7":[1,1],"8":[0,2],"9":[2,2],"10":[1,1],"11":[2,2,2,1],"12":[0,1],"13":[1,1],"14":[0,1]},"_coverageSchema":"1a1c01bbd47fc00a2c39e90264f33305004495a9","hash":"8e0a39c617c3617ed066b766180dfad5860a45c3"}
,"C:\\Users\\serge\\banka-api\\src\\controllers\\transactionController.js": {"path":"C:\\Users\\serge\\banka-api\\src\\controllers\\transactionController.js","statementMap":{"0":{"start":{"line":10,"column":29},"end":{"line":51,"column":1}},"1":{"start":{"line":11,"column":2},"end":{"line":50,"column":3}},"2":{"start":{"line":12,"column":4},"end":{"line":15,"column":5}},"3":{"start":{"line":13,"column":6},"end":{"line":13,"column":59}},"4":{"start":{"line":14,"column":6},"end":{"line":14,"column":79}},"5":{"start":{"line":16,"column":4},"end":{"line":16,"column":47}},"6":{"start":{"line":18,"column":26},"end":{"line":18,"column":36}},"7":{"start":{"line":19,"column":23},"end":{"line":19,"column":31}},"8":{"start":{"line":21,"column":4},"end":{"line":23,"column":5}},"9":{"start":{"line":22,"column":6},"end":{"line":22,"column":99}},"10":{"start":{"line":25,"column":4},"end":{"line":27,"column":5}},"11":{"start":{"line":26,"column":6},"end":{"line":26,"column":91}},"12":{"start":{"line":29,"column":20},"end":{"line":29,"column":53}},"13":{"start":{"line":30,"column":4},"end":{"line":30,"column":78}},"14":{"start":{"line":30,"column":18},"end":{"line":30,"column":78}},"15":{"start":{"line":32,"column":4},"end":{"line":32,"column":30}},"16":{"start":{"line":33,"column":4},"end":{"line":33,"column":25}},"17":{"start":{"line":35,"column":24},"end":{"line":41,"column":6}},"18":{"start":{"line":43,"column":4},"end":{"line":46,"column":7}},"19":{"start":{"line":48,"column":4},"end":{"line":48,"column":54}},"20":{"start":{"line":49,"column":4},"end":{"line":49,"column":61}},"21":{"start":{"line":54,"column":28},"end":{"line":99,"column":1}},"22":{"start":{"line":55,"column":2},"end":{"line":98,"column":3}},"23":{"start":{"line":56,"column":4},"end":{"line":59,"column":5}},"24":{"start":{"line":57,"column":6},"end":{"line":57,"column":59}},"25":{"start":{"line":58,"column":6},"end":{"line":58,"column":79}},"26":{"start":{"line":60,"column":4},"end":{"line":60,"column":44}},"27":{"start":{"line":62,"column":26},"end":{"line":62,"column":36}},"28":{"start":{"line":63,"column":23},"end":{"line":63,"column":31}},"29":{"start":{"line":65,"column":4},"end":{"line":67,"column":5}},"30":{"start":{"line":66,"column":6},"end":{"line":66,"column":99}},"31":{"start":{"line":69,"column":4},"end":{"line":71,"column":5}},"32":{"start":{"line":70,"column":6},"end":{"line":70,"column":91}},"33":{"start":{"line":73,"column":20},"end":{"line":73,"column":53}},"34":{"start":{"line":74,"column":4},"end":{"line":74,"column":78}},"35":{"start":{"line":74,"column":18},"end":{"line":74,"column":78}},"36":{"start":{"line":76,"column":4},"end":{"line":78,"column":5}},"37":{"start":{"line":77,"column":6},"end":{"line":77,"column":67}},"38":{"start":{"line":80,"column":4},"end":{"line":80,"column":30}},"39":{"start":{"line":81,"column":4},"end":{"line":81,"column":25}},"40":{"start":{"line":83,"column":24},"end":{"line":89,"column":6}},"41":{"start":{"line":91,"column":4},"end":{"line":94,"column":7}},"42":{"start":{"line":96,"column":4},"end":{"line":96,"column":53}},"43":{"start":{"line":97,"column":4},"end":{"line":97,"column":61}},"44":{"start":{"line":102,"column":31},"end":{"line":129,"column":1}},"45":{"start":{"line":103,"column":2},"end":{"line":128,"column":3}},"46":{"start":{"line":104,"column":4},"end":{"line":107,"column":5}},"47":{"start":{"line":105,"column":6},"end":{"line":105,"column":59}},"48":{"start":{"line":106,"column":6},"end":{"line":106,"column":79}},"49":{"start":{"line":108,"column":4},"end":{"line":108,"column":44}},"50":{"start":{"line":110,"column":26},"end":{"line":110,"column":36}},"51":{"start":{"line":112,"column":20},"end":{"line":112,"column":81}},"52":{"start":{"line":113,"column":4},"end":{"line":113,"column":94}},"53":{"start":{"line":113,"column":18},"end":{"line":113,"column":94}},"54":{"start":{"line":115,"column":25},"end":{"line":115,"column":62}},"55":{"start":{"line":116,"column":4},"end":{"line":116,"column":57}},"56":{"start":{"line":118,"column":4},"end":{"line":120,"column":5}},"57":{"start":{"line":119,"column":6},"end":{"line":119,"column":66}},"58":{"start":{"line":122,"column":31},"end":{"line":122,"column":85}},"59":{"start":{"line":122,"column":59},"end":{"line":122,"column":84}},"60":{"start":{"line":124,"column":4},"end":{"line":124,"column":55}},"61":{"start":{"line":126,"column":4},"end":{"line":126,"column":60}},"62":{"start":{"line":127,"column":4},"end":{"line":127,"column":61}},"63":{"start":{"line":132,"column":34},"end":{"line":153,"column":1}},"64":{"start":{"line":133,"column":2},"end":{"line":152,"column":3}},"65":{"start":{"line":134,"column":4},"end":{"line":137,"column":5}},"66":{"start":{"line":135,"column":6},"end":{"line":135,"column":59}},"67":{"start":{"line":136,"column":6},"end":{"line":136,"column":79}},"68":{"start":{"line":138,"column":4},"end":{"line":138,"column":44}},"69":{"start":{"line":140,"column":30},"end":{"line":140,"column":40}},"70":{"start":{"line":142,"column":24},"end":{"line":142,"column":65}},"71":{"start":{"line":143,"column":4},"end":{"line":143,"column":86}},"72":{"start":{"line":143,"column":22},"end":{"line":143,"column":86}},"73":{"start":{"line":145,"column":20},"end":{"line":145,"column":93}},"74":{"start":{"line":146,"column":4},"end":{"line":146,"column":95}},"75":{"start":{"line":146,"column":18},"end":{"line":146,"column":95}},"76":{"start":{"line":148,"column":4},"end":{"line":148,"column":48}},"77":{"start":{"line":150,"column":4},"end":{"line":150,"column":51}},"78":{"start":{"line":151,"column":4},"end":{"line":151,"column":61}}},"fnMap":{"0":{"name":"(anonymous_0)","decl":{"start":{"line":10,"column":29},"end":{"line":10,"column":30}},"loc":{"start":{"line":10,"column":49},"end":{"line":51,"column":1}},"line":10},"1":{"name":"(anonymous_1)","decl":{"start":{"line":54,"column":28},"end":{"line":54,"column":29}},"loc":{"start":{"line":54,"column":48},"end":{"line":99,"column":1}},"line":54},"2":{"name":"(anonymous_2)","decl":{"start":{"line":102,"column":31},"end":{"line":102,"column":32}},"loc":{"start":{"line":102,"column":51},"end":{"line":129,"column":1}},"line":102},"3":{"name":"(anonymous_3)","decl":{"start":{"line":122,"column":49},"end":{"line":122,"column":50}},"loc":{"start":{"line":122,"column":59},"end":{"line":122,"column":84}},"line":122},"4":{"name":"(anonymous_4)","decl":{"start":{"line":132,"column":34},"end":{"line":132,"column":35}},"loc":{"start":{"line":132,"column":54},"end":{"line":153,"column":1}},"line":132}},"branchMap":{"0":{"loc":{"start":{"line":12,"column":4},"end":{"line":15,"column":5}},"type":"if","locations":[{"start":{"line":12,"column":4},"end":{"line":15,"column":5}},{"start":{},"end":{}}],"line":12},"1":{"loc":{"start":{"line":21,"column":4},"end":{"line":23,"column":5}},"type":"if","locations":[{"start":{"line":21,"column":4},"end":{"line":23,"column":5}},{"start":{},"end":{}}],"line":21},"2":{"loc":{"start":{"line":25,"column":4},"end":{"line":27,"column":5}},"type":"if","locations":[{"start":{"line":25,"column":4},"end":{"line":27,"column":5}},{"start":{},"end":{}}],"line":25},"3":{"loc":{"start":{"line":25,"column":8},"end":{"line":25,"column":30}},"type":"binary-expr","locations":[{"start":{"line":25,"column":8},"end":{"line":25,"column":15}},{"start":{"line":25,"column":19},"end":{"line":25,"column":30}}],"line":25},"4":{"loc":{"start":{"line":30,"column":4},"end":{"line":30,"column":78}},"type":"if","locations":[{"start":{"line":30,"column":4},"end":{"line":30,"column":78}},{"start":{},"end":{}}],"line":30},"5":{"loc":{"start":{"line":56,"column":4},"end":{"line":59,"column":5}},"type":"if","locations":[{"start":{"line":56,"column":4},"end":{"line":59,"column":5}},{"start":{},"end":{}}],"line":56},"6":{"loc":{"start":{"line":65,"column":4},"end":{"line":67,"column":5}},"type":"if","locations":[{"start":{"line":65,"column":4},"end":{"line":67,"column":5}},{"start":{},"end":{}}],"line":65},"7":{"loc":{"start":{"line":69,"column":4},"end":{"line":71,"column":5}},"type":"if","locations":[{"start":{"line":69,"column":4},"end":{"line":71,"column":5}},{"start":{},"end":{}}],"line":69},"8":{"loc":{"start":{"line":69,"column":8},"end":{"line":69,"column":30}},"type":"binary-expr","locations":[{"start":{"line":69,"column":8},"end":{"line":69,"column":15}},{"start":{"line":69,"column":19},"end":{"line":69,"column":30}}],"line":69},"9":{"loc":{"start":{"line":74,"column":4},"end":{"line":74,"column":78}},"type":"if","locations":[{"start":{"line":74,"column":4},"end":{"line":74,"column":78}},{"start":{},"end":{}}],"line":74},"10":{"loc":{"start":{"line":76,"column":4},"end":{"line":78,"column":5}},"type":"if","locations":[{"start":{"line":76,"column":4},"end":{"line":78,"column":5}},{"start":{},"end":{}}],"line":76},"11":{"loc":{"start":{"line":104,"column":4},"end":{"line":107,"column":5}},"type":"if","locations":[{"start":{"line":104,"column":4},"end":{"line":107,"column":5}},{"start":{},"end":{}}],"line":104},"12":{"loc":{"start":{"line":113,"column":4},"end":{"line":113,"column":94}},"type":"if","locations":[{"start":{"line":113,"column":4},"end":{"line":113,"column":94}},{"start":{},"end":{}}],"line":113},"13":{"loc":{"start":{"line":118,"column":4},"end":{"line":120,"column":5}},"type":"if","locations":[{"start":{"line":118,"column":4},"end":{"line":120,"column":5}},{"start":{},"end":{}}],"line":118},"14":{"loc":{"start":{"line":118,"column":8},"end":{"line":118,"column":53}},"type":"binary-expr","locations":[{"start":{"line":118,"column":8},"end":{"line":118,"column":21}},{"start":{"line":118,"column":25},"end":{"line":118,"column":53}}],"line":118},"15":{"loc":{"start":{"line":134,"column":4},"end":{"line":137,"column":5}},"type":"if","locations":[{"start":{"line":134,"column":4},"end":{"line":137,"column":5}},{"start":{},"end":{}}],"line":134},"16":{"loc":{"start":{"line":143,"column":4},"end":{"line":143,"column":86}},"type":"if","locations":[{"start":{"line":143,"column":4},"end":{"line":143,"column":86}},{"start":{},"end":{}}],"line":143},"17":{"loc":{"start":{"line":146,"column":4},"end":{"line":146,"column":95}},"type":"if","locations":[{"start":{"line":146,"column":4},"end":{"line":146,"column":95}},{"start":{},"end":{}}],"line":146}},"s":{"0":3,"1":5,"2":5,"3":0,"4":0,"5":5,"6":5,"7":5,"8":5,"9":0,"10":5,"11":1,"12":4,"13":4,"14":1,"15":3,"16":3,"17":3,"18":1,"19":2,"20":2,"21":3,"22":5,"23":5,"24":0,"25":0,"26":5,"27":5,"28":5,"29":5,"30":0,"31":5,"32":0,"33":5,"34":5,"35":1,"36":4,"37":1,"38":3,"39":3,"40":3,"41":1,"42":2,"43":2,"44":3,"45":3,"46":3,"47":0,"48":0,"49":3,"50":3,"51":3,"52":3,"53":1,"54":2,"55":1,"56":1,"57":0,"58":1,"59":0,"60":1,"61":1,"62":1,"63":3,"64":4,"65":4,"66":0,"67":0,"68":4,"69":4,"70":4,"71":3,"72":1,"73":2,"74":2,"75":1,"76":1,"77":1,"78":1},"f":{"0":5,"1":5,"2":3,"3":0,"4":4},"b":{"0":[0,5],"1":[0,5],"2":[1,4],"3":[5,4],"4":[1,3],"5":[0,5],"6":[0,5],"7":[0,5],"8":[5,5],"9":[1,4],"10":[1,3],"11":[0,3],"12":[1,2],"13":[0,1],"14":[1,1],"15":[0,4],"16":[1,2],"17":[1,1]},"_coverageSchema":"1a1c01bbd47fc00a2c39e90264f33305004495a9","hash":"bdedde2353c32848f6affaff23a94da55d0222cc"}
,"C:\\Users\\serge\\banka-api\\src\\middleware\\authMiddleware.js": {"path":"C:\\Users\\serge\\banka-api\\src\\middleware\\authMiddleware.js","statementMap":{"0":{"start":{"line":9,"column":0},"end":{"line":9,"column":16}},"1":{"start":{"line":12,"column":27},"end":{"line":31,"column":1}},"2":{"start":{"line":13,"column":2},"end":{"line":30,"column":3}},"3":{"start":{"line":14,"column":23},"end":{"line":14,"column":50}},"4":{"start":{"line":15,"column":4},"end":{"line":17,"column":5}},"5":{"start":{"line":16,"column":6},"end":{"line":16,"column":82}},"6":{"start":{"line":19,"column":18},"end":{"line":19,"column":42}},"7":{"start":{"line":20,"column":4},"end":{"line":22,"column":5}},"8":{"start":{"line":21,"column":6},"end":{"line":21,"column":91}},"9":{"start":{"line":24,"column":20},"end":{"line":24,"column":61}},"10":{"start":{"line":25,"column":4},"end":{"line":25,"column":23}},"11":{"start":{"line":26,"column":4},"end":{"line":26,"column":11}},"12":{"start":{"line":28,"column":4},"end":{"line":28,"column":60}},"13":{"start":{"line":29,"column":4},"end":{"line":29,"column":64}},"14":{"start":{"line":34,"column":23},"end":{"line":39,"column":1}},"15":{"start":{"line":35,"column":2},"end":{"line":37,"column":3}},"16":{"start":{"line":36,"column":4},"end":{"line":36,"column":73}},"17":{"start":{"line":38,"column":2},"end":{"line":38,"column":9}},"18":{"start":{"line":42,"column":32},"end":{"line":50,"column":1}},"19":{"start":{"line":43,"column":2},"end":{"line":43,"column":59}},"20":{"start":{"line":45,"column":2},"end":{"line":47,"column":3}},"21":{"start":{"line":46,"column":4},"end":{"line":46,"column":84}},"22":{"start":{"line":49,"column":2},"end":{"line":49,"column":9}},"23":{"start":{"line":53,"column":23},"end":{"line":58,"column":1}},"24":{"start":{"line":54,"column":2},"end":{"line":56,"column":3}},"25":{"start":{"line":55,"column":4},"end":{"line":55,"column":74}},"26":{"start":{"line":57,"column":2},"end":{"line":57,"column":9}}},"fnMap":{"0":{"name":"(anonymous_0)","decl":{"start":{"line":12,"column":27},"end":{"line":12,"column":28}},"loc":{"start":{"line":12,"column":47},"end":{"line":31,"column":1}},"line":12},"1":{"name":"(anonymous_1)","decl":{"start":{"line":34,"column":23},"end":{"line":34,"column":24}},"loc":{"start":{"line":34,"column":43},"end":{"line":39,"column":1}},"line":34},"2":{"name":"(anonymous_2)","decl":{"start":{"line":42,"column":32},"end":{"line":42,"column":33}},"loc":{"start":{"line":42,"column":52},"end":{"line":50,"column":1}},"line":42},"3":{"name":"(anonymous_3)","decl":{"start":{"line":53,"column":23},"end":{"line":53,"column":24}},"loc":{"start":{"line":53,"column":43},"end":{"line":58,"column":1}},"line":53}},"branchMap":{"0":{"loc":{"start":{"line":15,"column":4},"end":{"line":17,"column":5}},"type":"if","locations":[{"start":{"line":15,"column":4},"end":{"line":17,"column":5}},{"start":{},"end":{}}],"line":15},"1":{"loc":{"start":{"line":20,"column":4},"end":{"line":22,"column":5}},"type":"if","locations":[{"start":{"line":20,"column":4},"end":{"line":22,"column":5}},{"start":{},"end":{}}],"line":20},"2":{"loc":{"start":{"line":35,"column":2},"end":{"line":37,"column":3}},"type":"if","locations":[{"start":{"line":35,"column":2},"end":{"line":37,"column":3}},{"start":{},"end":{}}],"line":35},"3":{"loc":{"start":{"line":35,"column":6},"end":{"line":35,"column":44}},"type":"binary-expr","locations":[{"start":{"line":35,"column":6},"end":{"line":35,"column":15}},{"start":{"line":35,"column":19},"end":{"line":35,"column":44}}],"line":35},"4":{"loc":{"start":{"line":45,"column":2},"end":{"line":47,"column":3}},"type":"if","locations":[{"start":{"line":45,"column":2},"end":{"line":47,"column":3}},{"start":{},"end":{}}],"line":45},"5":{"loc":{"start":{"line":45,"column":6},"end":{"line":45,"column":62}},"type":"binary-expr","locations":[{"start":{"line":45,"column":6},"end":{"line":45,"column":15}},{"start":{"line":45,"column":19},"end":{"line":45,"column":62}}],"line":45},"6":{"loc":{"start":{"line":54,"column":2},"end":{"line":56,"column":3}},"type":"if","locations":[{"start":{"line":54,"column":2},"end":{"line":56,"column":3}},{"start":{},"end":{}}],"line":54},"7":{"loc":{"start":{"line":54,"column":6},"end":{"line":54,"column":44}},"type":"binary-expr","locations":[{"start":{"line":54,"column":6},"end":{"line":54,"column":15}},{"start":{"line":54,"column":19},"end":{"line":54,"column":44}}],"line":54}},"s":{"0":3,"1":3,"2":51,"3":51,"4":51,"5":4,"6":47,"7":47,"8":0,"9":47,"10":44,"11":44,"12":3,"13":3,"14":3,"15":11,"16":1,"17":10,"18":3,"19":9,"20":9,"21":2,"22":7,"23":3,"24":7,"25":2,"26":5},"f":{"0":51,"1":11,"2":9,"3":7},"b":{"0":[4,47],"1":[0,47],"2":[1,10],"3":[11,11],"4":[2,7],"5":[9,9],"6":[2,5],"7":[7,7]},"_coverageSchema":"1a1c01bbd47fc00a2c39e90264f33305004495a9","hash":"46fb48267cb46f4cdd7892db084047aee4325279"}
,"C:\\Users\\serge\\banka-api\\src\\models\\Account.js": {"path":"C:\\Users\\serge\\banka-api\\src\\models\\Account.js","statementMap":{"0":{"start":{"line":9,"column":22},"end":{"line":18,"column":1}}},"fnMap":{},"branchMap":{},"s":{"0":3},"f":{},"b":{},"_coverageSchema":"1a1c01bbd47fc00a2c39e90264f33305004495a9","hash":"07707b5f09e99e8190495586e5a765028c8a85e9"}
,"C:\\Users\\serge\\banka-api\\src\\models\\Transaction.js": {"path":"C:\\Users\\serge\\banka-api\\src\\models\\Transaction.js","statementMap":{"0":{"start":{"line":9,"column":26},"end":{"line":41,"column":1}},"1":{"start":{"line":43,"column":20},"end":{"line":43,"column":68}}},"fnMap":{},"branchMap":{},"s":{"0":3,"1":3},"f":{},"b":{},"_coverageSchema":"1a1c01bbd47fc00a2c39e90264f33305004495a9","hash":"8bab9deb4c2a59446877941ce1ecfd7904ed2eef"}
,"C:\\Users\\serge\\banka-api\\src\\models\\user.js": {"path":"C:\\Users\\serge\\banka-api\\src\\models\\user.js","statementMap":{"0":{"start":{"line":10,"column":19},"end":{"line":16,"column":2}},"1":{"start":{"line":19,"column":0},"end":{"line":29,"column":3}},"2":{"start":{"line":20,"column":2},"end":{"line":20,"column":50}},"3":{"start":{"line":20,"column":36},"end":{"line":20,"column":50}},"4":{"start":{"line":23,"column":2},"end":{"line":26,"column":3}},"5":{"start":{"line":24,"column":17},"end":{"line":24,"column":41}},"6":{"start":{"line":25,"column":4},"end":{"line":25,"column":59}},"7":{"start":{"line":28,"column":2},"end":{"line":28,"column":9}},"8":{"start":{"line":32,"column":0},"end":{"line":34,"column":2}},"9":{"start":{"line":33,"column":2},"end":{"line":33,"column":62}},"10":{"start":{"line":36,"column":13},"end":{"line":36,"column":47}}},"fnMap":{"0":{"name":"(anonymous_0)","decl":{"start":{"line":19,"column":23},"end":{"line":19,"column":24}},"loc":{"start":{"line":19,"column":45},"end":{"line":29,"column":1}},"line":19},"1":{"name":"(anonymous_1)","decl":{"start":{"line":32,"column":35},"end":{"line":32,"column":36}},"loc":{"start":{"line":32,"column":68},"end":{"line":34,"column":1}},"line":32}},"branchMap":{"0":{"loc":{"start":{"line":20,"column":2},"end":{"line":20,"column":50}},"type":"if","locations":[{"start":{"line":20,"column":2},"end":{"line":20,"column":50}},{"start":{},"end":{}}],"line":20},"1":{"loc":{"start":{"line":23,"column":2},"end":{"line":26,"column":3}},"type":"if","locations":[{"start":{"line":23,"column":2},"end":{"line":26,"column":3}},{"start":{},"end":{}}],"line":23}},"s":{"0":3,"1":3,"2":8,"3":0,"4":8,"5":5,"6":5,"7":8,"8":3,"9":0,"10":3},"f":{"0":8,"1":0},"b":{"0":[0,8],"1":[5,3]},"_coverageSchema":"1a1c01bbd47fc00a2c39e90264f33305004495a9","hash":"948e74add68f5997eb98b5ea8df2c33f2f185332"}
,"C:\\Users\\serge\\banka-api\\src\\routes\\accountRoutes.js": {"path":"C:\\Users\\serge\\banka-api\\src\\routes\\accountRoutes.js","statementMap":{"0":{"start":{"line":17,"column":15},"end":{"line":17,"column":31}},"1":{"start":{"line":19,"column":0},"end":{"line":19,"column":45}},"2":{"start":{"line":20,"column":0},"end":{"line":20,"column":58}},"3":{"start":{"line":21,"column":0},"end":{"line":21,"column":63}},"4":{"start":{"line":22,"column":0},"end":{"line":22,"column":87}},"5":{"start":{"line":23,"column":0},"end":{"line":23,"column":66}}},"fnMap":{},"branchMap":{},"s":{"0":3,"1":3,"2":3,"3":3,"4":3,"5":3},"f":{},"b":{},"_coverageSchema":"1a1c01bbd47fc00a2c39e90264f33305004495a9","hash":"bcdfbb2430b3656ffd38e87121f65f144e7e66d3"}
,"C:\\Users\\serge\\banka-api\\src\\routes\\authRoutes.js": {"path":"C:\\Users\\serge\\banka-api\\src\\routes\\authRoutes.js","statementMap":{"0":{"start":{"line":7,"column":16},"end":{"line":7,"column":34}},"1":{"start":{"line":8,"column":76},"end":{"line":8,"column":116}},"2":{"start":{"line":9,"column":33},"end":{"line":9,"column":72}},"3":{"start":{"line":11,"column":15},"end":{"line":11,"column":31}},"4":{"start":{"line":13,"column":0},"end":{"line":13,"column":31}},"5":{"start":{"line":14,"column":0},"end":{"line":14,"column":31}},"6":{"start":{"line":15,"column":0},"end":{"line":15,"column":64}},"7":{"start":{"line":16,"column":0},"end":{"line":16,"column":61}},"8":{"start":{"line":17,"column":0},"end":{"line":17,"column":52}},"9":{"start":{"line":19,"column":0},"end":{"line":19,"column":24}}},"fnMap":{},"branchMap":{},"s":{"0":3,"1":3,"2":3,"3":3,"4":3,"5":3,"6":3,"7":3,"8":3,"9":3},"f":{},"b":{},"_coverageSchema":"1a1c01bbd47fc00a2c39e90264f33305004495a9","hash":"a6e414472390944ba269ac9f30340d125733ca43"}
,"C:\\Users\\serge\\banka-api\\src\\routes\\transactionRoutes.js": {"path":"C:\\Users\\serge\\banka-api\\src\\routes\\transactionRoutes.js","statementMap":{"0":{"start":{"line":16,"column":15},"end":{"line":16,"column":31}},"1":{"start":{"line":19,"column":0},"end":{"line":19,"column":70}},"2":{"start":{"line":20,"column":0},"end":{"line":20,"column":68}},"3":{"start":{"line":21,"column":0},"end":{"line":21,"column":69}},"4":{"start":{"line":22,"column":0},"end":{"line":22,"column":63}}},"fnMap":{},"branchMap":{},"s":{"0":3,"1":3,"2":3,"3":3,"4":3},"f":{},"b":{},"_coverageSchema":"1a1c01bbd47fc00a2c39e90264f33305004495a9","hash":"38a5aa97dab7be73c990c3ef723d9d393747862b"}
,"C:\\Users\\serge\\banka-api\\src\\utils\\accountHelper.js": {"path":"C:\\Users\\serge\\banka-api\\src\\utils\\accountHelper.js","statementMap":{"0":{"start":{"line":1,"column":37},"end":{"line":3,"column":3}},"1":{"start":{"line":2,"column":4},"end":{"line":2,"column":81}}},"fnMap":{"0":{"name":"(anonymous_0)","decl":{"start":{"line":1,"column":37},"end":{"line":1,"column":38}},"loc":{"start":{"line":1,"column":43},"end":{"line":3,"column":3}},"line":1}},"branchMap":{},"s":{"0":4,"1":1},"f":{"0":1},"b":{},"_coverageSchema":"1a1c01bbd47fc00a2c39e90264f33305004495a9","hash":"039a63691c2fe13496276cfa98b68f0332ad0c11"}
,"C:\\Users\\serge\\banka-api\\src\\utils\\jwtHelper.js": {"path":"C:\\Users\\serge\\banka-api\\src\\utils\\jwtHelper.js","statementMap":{"0":{"start":{"line":4,"column":0},"end":{"line":4,"column":16}},"1":{"start":{"line":7,"column":33},"end":{"line":13,"column":1}},"2":{"start":{"line":8,"column":2},"end":{"line":12,"column":4}},"3":{"start":{"line":16,"column":27},"end":{"line":30,"column":1}},"4":{"start":{"line":17,"column":16},"end":{"line":17,"column":58}},"5":{"start":{"line":19,"column":2},"end":{"line":21,"column":3}},"6":{"start":{"line":20,"column":4},"end":{"line":20,"column":80}},"7":{"start":{"line":23,"column":2},"end":{"line":29,"column":3}},"8":{"start":{"line":24,"column":20},"end":{"line":24,"column":61}},"9":{"start":{"line":25,"column":4},"end":{"line":25,"column":23}},"10":{"start":{"line":26,"column":4},"end":{"line":26,"column":11}},"11":{"start":{"line":28,"column":4},"end":{"line":28,"column":64}}},"fnMap":{"0":{"name":"(anonymous_0)","decl":{"start":{"line":7,"column":33},"end":{"line":7,"column":34}},"loc":{"start":{"line":7,"column":43},"end":{"line":13,"column":1}},"line":7},"1":{"name":"(anonymous_1)","decl":{"start":{"line":16,"column":27},"end":{"line":16,"column":28}},"loc":{"start":{"line":16,"column":47},"end":{"line":30,"column":1}},"line":16}},"branchMap":{"0":{"loc":{"start":{"line":19,"column":2},"end":{"line":21,"column":3}},"type":"if","locations":[{"start":{"line":19,"column":2},"end":{"line":21,"column":3}},{"start":{},"end":{}}],"line":19}},"s":{"0":4,"1":4,"2":8,"3":4,"4":2,"5":2,"6":1,"7":1,"8":1,"9":0,"10":0,"11":1},"f":{"0":8,"1":2},"b":{"0":[1,1]},"_coverageSchema":"1a1c01bbd47fc00a2c39e90264f33305004495a9","hash":"4ac1df1d535613a35b8eefcbd0c20f3703ade040"}
}
