TN:
SF:src\app.js
FNF:0
FNH:0
DA:14,3
DA:15,3
DA:17,3
DA:18,3
DA:20,3
DA:21,3
DA:22,3
LF:7
LH:7
BRF:0
BRH:0
end_of_record
TN:
SF:src\config\database.js
FN:6,(anonymous_0)
FNF:1
FNH:1
FNDA:3,(anonymous_0)
DA:4,3
DA:6,3
DA:7,3
DA:8,3
DA:9,3
DA:10,0
DA:13,3
DA:15,3
DA:17,0
DA:18,0
LF:10
LH:7
BRDA:9,0,0,0
BRDA:9,0,1,3
BRF:2
BRH:1
end_of_record
TN:
SF:src\controllers\accountController.js
FN:12,(anonymous_0)
FN:43,(anonymous_1)
FN:60,(anonymous_2)
FN:89,(anonymous_3)
FN:117,(anonymous_4)
FNF:5
FNH:5
FNDA:1,(anonymous_0)
FNDA:2,(anonymous_1)
FNDA:3,(anonymous_2)
FNDA:2,(anonymous_3)
FNDA:1,(anonymous_4)
DA:12,3
DA:13,1
DA:14,1
DA:15,1
DA:18,1
DA:19,1
DA:22,0
DA:25,0
DA:32,0
DA:34,0
DA:36,0
DA:37,0
DA:43,3
DA:44,2
DA:45,2
DA:47,2
DA:48,0
DA:51,2
DA:52,2
DA:54,0
DA:55,0
DA:60,3
DA:61,3
DA:62,3
DA:63,3
DA:64,3
DA:67,3
DA:69,1
DA:70,1
DA:75,2
DA:77,2
DA:78,0
DA:81,2
DA:83,0
DA:84,0
DA:89,3
DA:90,2
DA:91,2
DA:92,2
DA:94,2
DA:97,2
DA:98,0
DA:102,2
DA:103,0
DA:106,2
DA:107,2
DA:109,2
DA:111,0
DA:112,0
DA:117,3
DA:118,1
DA:119,1
DA:121,1
DA:122,1
DA:124,1
DA:126,0
DA:127,0
LF:57
LH:39
BRDA:19,0,0,1
BRDA:19,0,1,0
BRDA:29,1,0,0
BRDA:29,1,1,0
BRDA:47,2,0,0
BRDA:47,2,1,2
BRDA:67,3,0,1
BRDA:67,3,1,2
BRDA:67,4,0,3
BRDA:67,4,1,2
BRDA:69,5,0,1
BRDA:69,5,1,0
BRDA:77,6,0,0
BRDA:77,6,1,2
BRDA:97,7,0,0
BRDA:97,7,1,2
BRDA:102,8,0,0
BRDA:102,8,1,2
BRDA:107,9,0,0
BRDA:107,9,1,2
BRDA:122,10,0,0
BRDA:122,10,1,1
BRF:22
BRH:12
end_of_record
TN:
SF:src\controllers\authController.js
FN:15,(anonymous_0)
FN:22,(anonymous_1)
FN:62,(anonymous_2)
FN:111,(anonymous_3)
FN:171,(anonymous_4)
FN:195,(anonymous_5)
FNF:6
FNH:6
FNDA:2,(anonymous_0)
FNDA:3,(anonymous_1)
FNDA:3,(anonymous_2)
FNDA:1,(anonymous_3)
FNDA:1,(anonymous_4)
FNDA:2,(anonymous_5)
DA:12,3
DA:15,3
DA:16,2
DA:22,3
DA:23,3
DA:24,3
DA:26,3
DA:27,1
DA:30,2
DA:31,2
DA:32,1
DA:35,1
DA:37,1
DA:39,1
DA:47,1
DA:48,1
DA:50,1
DA:56,0
DA:57,0
DA:62,3
DA:63,3
DA:64,3
DA:66,3
DA:67,3
DA:70,3
DA:71,0
DA:74,3
DA:76,3
DA:78,3
DA:79,1
DA:82,2
DA:84,2
DA:85,2
DA:87,2
DA:88,1
DA:91,1
DA:103,0
DA:104,0
DA:111,3
DA:112,1
DA:114,1
DA:115,0
DA:118,1
DA:121,1
DA:122,0
DA:126,1
DA:127,1
DA:128,0
DA:131,1
DA:133,1
DA:136,1
DA:144,1
DA:147,1
DA:149,1
DA:161,0
DA:162,0
DA:165,0
DA:166,0
DA:171,3
DA:172,1
DA:173,1
DA:176,1
DA:177,1
DA:178,0
DA:182,1
DA:185,1
DA:187,1
DA:189,0
DA:190,0
DA:195,3
DA:196,2
DA:197,2
DA:200,2
DA:201,1
DA:202,1
DA:203,0
DA:207,1
DA:208,1
DA:209,1
DA:211,1
DA:213,1
DA:214,1
LF:82
LH:66
BRDA:26,0,0,1
BRDA:26,0,1,2
BRDA:26,1,0,3
BRDA:26,1,1,2
BRDA:26,1,2,2
BRDA:26,1,3,2
BRDA:31,2,0,1
BRDA:31,2,1,1
BRDA:44,3,0,1
BRDA:44,3,1,1
BRDA:70,4,0,0
BRDA:70,4,1,3
BRDA:70,5,0,3
BRDA:70,5,1,3
BRDA:78,6,0,1
BRDA:78,6,1,2
BRDA:87,7,0,1
BRDA:87,7,1,1
BRDA:114,8,0,0
BRDA:114,8,1,1
BRDA:114,9,0,1
BRDA:114,9,1,1
BRDA:121,10,0,0
BRDA:121,10,1,1
BRDA:121,11,0,1
BRDA:121,11,1,1
BRDA:121,11,2,1
BRDA:121,11,3,1
BRDA:127,12,0,0
BRDA:127,12,1,1
BRDA:177,13,0,0
BRDA:177,13,1,1
BRDA:202,14,0,0
BRDA:202,14,1,1
BRF:34
BRH:28
end_of_record
TN:
SF:src\controllers\transactionController.js
FN:10,(anonymous_0)
FN:54,(anonymous_1)
FN:102,(anonymous_2)
FN:122,(anonymous_3)
FN:132,(anonymous_4)
FNF:5
FNH:4
FNDA:1,(anonymous_0)
FNDA:2,(anonymous_1)
FNDA:1,(anonymous_2)
FNDA:0,(anonymous_3)
FNDA:1,(anonymous_4)
DA:10,3
DA:11,1
DA:12,1
DA:13,0
DA:14,0
DA:16,1
DA:18,1
DA:19,1
DA:21,1
DA:22,0
DA:25,1
DA:26,0
DA:29,1
DA:30,1
DA:32,1
DA:33,1
DA:35,1
DA:43,1
DA:48,0
DA:49,0
DA:54,3
DA:55,2
DA:56,2
DA:57,0
DA:58,0
DA:60,2
DA:62,2
DA:63,2
DA:65,2
DA:66,0
DA:69,2
DA:70,0
DA:73,2
DA:74,2
DA:76,2
DA:77,1
DA:80,1
DA:81,1
DA:83,1
DA:91,1
DA:96,0
DA:97,0
DA:102,3
DA:103,1
DA:104,1
DA:105,0
DA:106,0
DA:108,1
DA:110,1
DA:112,1
DA:113,1
DA:115,1
DA:116,1
DA:118,1
DA:119,0
DA:122,1
DA:124,1
DA:126,0
DA:127,0
DA:132,3
DA:133,1
DA:134,1
DA:135,0
DA:136,0
DA:138,1
DA:140,1
DA:142,1
DA:143,1
DA:145,1
DA:146,1
DA:148,1
DA:150,0
DA:151,0
LF:73
LH:52
BRDA:12,0,0,0
BRDA:12,0,1,1
BRDA:21,1,0,0
BRDA:21,1,1,1
BRDA:25,2,0,0
BRDA:25,2,1,1
BRDA:25,3,0,1
BRDA:25,3,1,1
BRDA:30,4,0,0
BRDA:30,4,1,1
BRDA:56,5,0,0
BRDA:56,5,1,2
BRDA:65,6,0,0
BRDA:65,6,1,2
BRDA:69,7,0,0
BRDA:69,7,1,2
BRDA:69,8,0,2
BRDA:69,8,1,2
BRDA:74,9,0,0
BRDA:74,9,1,2
BRDA:76,10,0,1
BRDA:76,10,1,1
BRDA:104,11,0,0
BRDA:104,11,1,1
BRDA:113,12,0,0
BRDA:113,12,1,1
BRDA:118,13,0,0
BRDA:118,13,1,1
BRDA:118,14,0,1
BRDA:118,14,1,1
BRDA:134,15,0,0
BRDA:134,15,1,1
BRDA:143,16,0,0
BRDA:143,16,1,1
BRDA:146,17,0,0
BRDA:146,17,1,1
BRF:36
BRH:22
end_of_record
TN:
SF:src\middleware\authMiddleware.js
FN:12,(anonymous_0)
FN:34,(anonymous_1)
FN:42,(anonymous_2)
FN:53,(anonymous_3)
FNF:4
FNH:4
FNDA:21,(anonymous_0)
FNDA:4,(anonymous_1)
FNDA:6,(anonymous_2)
FNDA:4,(anonymous_3)
DA:9,3
DA:12,3
DA:13,21
DA:14,21
DA:15,21
DA:16,1
DA:19,20
DA:20,20
DA:21,0
DA:24,20
DA:25,20
DA:26,20
DA:28,0
DA:29,0
DA:34,3
DA:35,4
DA:36,1
DA:38,3
DA:42,3
DA:43,6
DA:45,6
DA:46,2
DA:49,4
DA:53,3
DA:54,4
DA:55,2
DA:57,2
LF:27
LH:24
BRDA:15,0,0,1
BRDA:15,0,1,20
BRDA:20,1,0,0
BRDA:20,1,1,20
BRDA:35,2,0,1
BRDA:35,2,1,3
BRDA:35,3,0,4
BRDA:35,3,1,4
BRDA:45,4,0,2
BRDA:45,4,1,4
BRDA:45,5,0,6
BRDA:45,5,1,6
BRDA:54,6,0,2
BRDA:54,6,1,2
BRDA:54,7,0,4
BRDA:54,7,1,4
BRF:16
BRH:15
end_of_record
TN:
SF:src\models\Account.js
FNF:0
FNH:0
DA:9,3
LF:1
LH:1
BRF:0
BRH:0
end_of_record
TN:
SF:src\models\Transaction.js
FNF:0
FNH:0
DA:9,3
DA:43,3
LF:2
LH:2
BRF:0
BRH:0
end_of_record
TN:
SF:src\models\user.js
FN:19,(anonymous_0)
FN:32,(anonymous_1)
FNF:2
FNH:1
FNDA:8,(anonymous_0)
FNDA:0,(anonymous_1)
DA:10,3
DA:19,3
DA:20,8
DA:23,8
DA:24,5
DA:25,5
DA:28,8
DA:32,3
DA:33,0
DA:36,3
LF:10
LH:9
BRDA:20,0,0,0
BRDA:20,0,1,8
BRDA:23,1,0,5
BRDA:23,1,1,3
BRF:4
BRH:3
end_of_record
TN:
SF:src\routes\accountRoutes.js
FNF:0
FNH:0
DA:17,3
DA:19,3
DA:20,3
DA:21,3
DA:22,3
DA:23,3
LF:6
LH:6
BRF:0
BRH:0
end_of_record
TN:
SF:src\routes\authRoutes.js
FNF:0
FNH:0
DA:7,3
DA:8,3
DA:9,3
DA:11,3
DA:13,3
DA:14,3
DA:15,3
DA:16,3
DA:17,3
DA:19,3
LF:10
LH:10
BRF:0
BRH:0
end_of_record
TN:
SF:src\routes\transactionRoutes.js
FNF:0
FNH:0
DA:16,3
DA:19,3
DA:20,3
DA:21,3
DA:22,3
LF:5
LH:5
BRF:0
BRH:0
end_of_record
TN:
SF:src\utils\accountHelper.js
FN:1,(anonymous_0)
FNF:1
FNH:0
FNDA:0,(anonymous_0)
DA:1,3
DA:2,0
LF:2
LH:1
BRF:0
BRH:0
end_of_record
TN:
SF:src\utils\jwtHelper.js
FN:7,(anonymous_0)
FN:16,(anonymous_1)
FNF:2
FNH:1
FNDA:6,(anonymous_0)
FNDA:0,(anonymous_1)
DA:4,3
DA:7,3
DA:8,6
DA:16,3
DA:17,0
DA:19,0
DA:20,0
DA:23,0
DA:24,0
DA:25,0
DA:26,0
DA:28,0
LF:12
LH:4
BRDA:19,0,0,0
BRDA:19,0,1,0
BRF:2
BRH:0
end_of_record
